2019-01-16 14:05:40 [main] INFO  c.b.d.DesafiocieloWebApplication - Starting DesafiocieloWebApplication on DESKTOP-CDE2BKK with PID 50600 (C:\Users\dev\Repository\MINE\desafiocielo-web\target\classes started by dev in C:\Users\dev\Repository\MINE\desafiocielo-web)
2019-01-16 14:05:40 [main] INFO  c.b.d.DesafiocieloWebApplication - No active profile set, falling back to default profiles: default
2019-01-16 14:05:53 [main] INFO  o.s.b.w.e.tomcat.TomcatWebServer - Tomcat initialized with port(s): 8000 (http)
2019-01-16 14:05:53 [main] INFO  o.a.catalina.core.StandardService - Starting service [Tomcat]
2019-01-16 14:05:53 [main] INFO  o.a.catalina.core.StandardEngine - Starting Servlet engine: [Apache Tomcat/9.0.14]
2019-01-16 14:05:53 [main] INFO  o.a.c.core.AprLifecycleListener - The APR based Apache Tomcat Native library which allows optimal performance in production environments was not found on the java.library.path: [C:\Program Files\Java\jdk1.8.0_161\bin;C:\WINDOWS\Sun\Java\bin;C:\WINDOWS\system32;C:\WINDOWS;C:/Program Files/Java/jdk1.8.0_161/bin/../jre/bin/server;C:/Program Files/Java/jdk1.8.0_161/bin/../jre/bin;C:/Program Files/Java/jdk1.8.0_161/bin/../jre/lib/amd64;C:\Program Files\Java\jdk1.8.0_161\bin;C:\Users\dev\apache-maven-3.5.2\bin;C:\Program Files (x86)\Intel\iCLS Client\;C:\Program Files\Intel\iCLS Client\;C:\Windows\system32;C:\Windows;C:\Windows\System32\Wbem;C:\Windows\System32\WindowsPowerShell\v1.0\;C:\Program Files (x86)\Intel\Intel(R) Management Engine Components\DAL;C:\Program Files\Intel\Intel(R) Management Engine Components\DAL;C:\Program Files (x86)\Intel\Intel(R) Management Engine Components\IPT;C:\Program Files\Intel\Intel(R) Management Engine Components\IPT;C:\Program Files (x86)\NVIDIA Corporation\PhysX\Common;C:\WINDOWS\system32;C:\WINDOWS;C:\WINDOWS\System32\Wbem;C:\WINDOWS\System32\WindowsPowerShell\v1.0\;C:\Program Files\MongoDB\Server\3.6\bin;C:\Program Files\nodejs\;C:\WINDOWS\System32\OpenSSH\;C:\Users\dev\liferay-portal-6.2-ce-ga6\tomcat-7.0.62\bin;C:\Users\dev\AppData\Local\Microsoft\WindowsApps;C:\Users\dev\AppData\Roaming\npm;C:\Program Files\Heroku\bin;;C:\WINDOWS\system32;;.]
2019-01-16 14:05:56 [main] INFO  o.a.c.c.C.[Tomcat].[localhost].[/] - Initializing Spring embedded WebApplicationContext
2019-01-16 14:05:59 [main] INFO  s.d.s.w.PropertySourcedRequestMappingHandlerMapping - Mapped URL path [/v2/api-docs] onto method [public org.springframework.http.ResponseEntity<springfox.documentation.spring.web.json.Json> springfox.documentation.swagger2.web.Swagger2Controller.getDocumentation(java.lang.String,javax.servlet.http.HttpServletRequest)]
2019-01-16 14:06:00 [main] INFO  o.s.s.c.ThreadPoolTaskExecutor - Initializing ExecutorService 'applicationTaskExecutor'
2019-01-16 14:06:00 [main] INFO  o.s.b.a.w.s.WelcomePageHandlerMapping - Adding welcome page: class path resource [static/index.html]
2019-01-16 14:06:01 [main] INFO  s.d.s.w.p.DocumentationPluginsBootstrapper - Context refreshed
2019-01-16 14:06:01 [main] INFO  s.d.s.w.p.DocumentationPluginsBootstrapper - Found 1 custom documentation plugin(s)
2019-01-16 14:06:01 [main] INFO  s.d.s.w.s.ApiListingReferenceScanner - Scanning for api listing references
2019-01-16 14:06:03 [main] INFO  o.s.b.w.e.tomcat.TomcatWebServer - Tomcat started on port(s): 8000 (http) with context path ''
2019-01-16 14:06:03 [main] INFO  c.b.d.DesafiocieloWebApplication - Started DesafiocieloWebApplication in 24.896 seconds (JVM running for 32.258)
2019-01-16 14:07:01 [http-nio-8000-exec-1] INFO  o.a.c.c.C.[Tomcat].[localhost].[/] - Initializing Spring DispatcherServlet 'dispatcherServlet'
2019-01-16 14:08:48 [RMI TCP Connection(2)-127.0.0.1] INFO  o.s.b.a.SpringApplicationAdminMXBeanRegistrar$SpringApplicationAdmin - Application shutdown requested.
2019-01-16 14:08:48 [RMI TCP Connection(2)-127.0.0.1] INFO  o.s.s.c.ThreadPoolTaskExecutor - Shutting down ExecutorService 'applicationTaskExecutor'
2019-01-16 14:09:53 [main] INFO  c.b.d.DesafiocieloWebApplication - Starting DesafiocieloWebApplication on DESKTOP-CDE2BKK with PID 49124 (C:\Users\dev\Repository\MINE\desafiocielo-web\target\classes started by dev in C:\Users\dev\Repository\MINE\desafiocielo-web)
2019-01-16 14:09:53 [main] INFO  c.b.d.DesafiocieloWebApplication - No active profile set, falling back to default profiles: default
2019-01-16 14:09:57 [main] INFO  o.s.b.w.e.tomcat.TomcatWebServer - Tomcat initialized with port(s): 8000 (http)
2019-01-16 14:09:57 [main] INFO  o.a.catalina.core.StandardService - Starting service [Tomcat]
2019-01-16 14:09:57 [main] INFO  o.a.catalina.core.StandardEngine - Starting Servlet engine: [Apache Tomcat/9.0.14]
2019-01-16 14:09:57 [main] INFO  o.a.c.core.AprLifecycleListener - The APR based Apache Tomcat Native library which allows optimal performance in production environments was not found on the java.library.path: [C:\Program Files\Java\jdk1.8.0_161\bin;C:\WINDOWS\Sun\Java\bin;C:\WINDOWS\system32;C:\WINDOWS;C:/Program Files/Java/jdk1.8.0_161/bin/../jre/bin/server;C:/Program Files/Java/jdk1.8.0_161/bin/../jre/bin;C:/Program Files/Java/jdk1.8.0_161/bin/../jre/lib/amd64;C:\Program Files\Java\jdk1.8.0_161\bin;C:\Users\dev\apache-maven-3.5.2\bin;C:\Program Files (x86)\Intel\iCLS Client\;C:\Program Files\Intel\iCLS Client\;C:\Windows\system32;C:\Windows;C:\Windows\System32\Wbem;C:\Windows\System32\WindowsPowerShell\v1.0\;C:\Program Files (x86)\Intel\Intel(R) Management Engine Components\DAL;C:\Program Files\Intel\Intel(R) Management Engine Components\DAL;C:\Program Files (x86)\Intel\Intel(R) Management Engine Components\IPT;C:\Program Files\Intel\Intel(R) Management Engine Components\IPT;C:\Program Files (x86)\NVIDIA Corporation\PhysX\Common;C:\WINDOWS\system32;C:\WINDOWS;C:\WINDOWS\System32\Wbem;C:\WINDOWS\System32\WindowsPowerShell\v1.0\;C:\Program Files\MongoDB\Server\3.6\bin;C:\Program Files\nodejs\;C:\WINDOWS\System32\OpenSSH\;C:\Users\dev\liferay-portal-6.2-ce-ga6\tomcat-7.0.62\bin;C:\Users\dev\AppData\Local\Microsoft\WindowsApps;C:\Users\dev\AppData\Roaming\npm;C:\Program Files\Heroku\bin;;C:\WINDOWS\system32;;.]
2019-01-16 14:09:58 [main] INFO  o.a.c.c.C.[Tomcat].[localhost].[/] - Initializing Spring embedded WebApplicationContext
2019-01-16 14:09:59 [main] INFO  s.d.s.w.PropertySourcedRequestMappingHandlerMapping - Mapped URL path [/v2/api-docs] onto method [public org.springframework.http.ResponseEntity<springfox.documentation.spring.web.json.Json> springfox.documentation.swagger2.web.Swagger2Controller.getDocumentation(java.lang.String,javax.servlet.http.HttpServletRequest)]
2019-01-16 14:09:59 [main] INFO  o.s.s.c.ThreadPoolTaskExecutor - Initializing ExecutorService 'applicationTaskExecutor'
2019-01-16 14:09:59 [main] INFO  o.s.b.a.w.s.WelcomePageHandlerMapping - Adding welcome page: class path resource [static/index.html]
2019-01-16 14:09:59 [main] INFO  s.d.s.w.p.DocumentationPluginsBootstrapper - Context refreshed
2019-01-16 14:10:00 [main] INFO  s.d.s.w.p.DocumentationPluginsBootstrapper - Found 1 custom documentation plugin(s)
2019-01-16 14:10:00 [main] INFO  s.d.s.w.s.ApiListingReferenceScanner - Scanning for api listing references
2019-01-16 14:10:00 [main] INFO  o.s.b.w.e.tomcat.TomcatWebServer - Tomcat started on port(s): 8000 (http) with context path ''
2019-01-16 14:10:00 [main] INFO  c.b.d.DesafiocieloWebApplication - Started DesafiocieloWebApplication in 8.409 seconds (JVM running for 10.231)
2019-01-16 14:10:11 [http-nio-8000-exec-1] INFO  o.a.c.c.C.[Tomcat].[localhost].[/] - Initializing Spring DispatcherServlet 'dispatcherServlet'
2019-01-16 14:15:41 [RMI TCP Connection(2)-127.0.0.1] INFO  o.s.b.a.SpringApplicationAdminMXBeanRegistrar$SpringApplicationAdmin - Application shutdown requested.
2019-01-16 14:15:41 [RMI TCP Connection(2)-127.0.0.1] INFO  o.s.s.c.ThreadPoolTaskExecutor - Shutting down ExecutorService 'applicationTaskExecutor'
